mode: set
github.com/logrusorgru/svin/aurora/value.go:42.32,43.39 1 1
github.com/logrusorgru/svin/aurora/value.go:50.2,50.28 1 1
github.com/logrusorgru/svin/aurora/value.go:43.39,44.38 1 1
github.com/logrusorgru/svin/aurora/value.go:48.3,48.65 1 1
github.com/logrusorgru/svin/aurora/value.go:44.38,47.4 1 1
github.com/logrusorgru/svin/aurora/value.go:54.30,54.48 1 1
github.com/logrusorgru/svin/aurora/value.go:57.31,60.2 2 1
github.com/logrusorgru/svin/aurora/value.go:63.36,63.54 1 1
github.com/logrusorgru/svin/aurora/value.go:66.47,72.39 3 1
github.com/logrusorgru/svin/aurora/value.go:78.2,80.39 3 1
github.com/logrusorgru/svin/aurora/value.go:85.2,87.31 3 1
github.com/logrusorgru/svin/aurora/value.go:90.2,90.34 1 1
github.com/logrusorgru/svin/aurora/value.go:94.2,94.26 1 1
github.com/logrusorgru/svin/aurora/value.go:99.2,99.12 1 1
github.com/logrusorgru/svin/aurora/value.go:107.2,108.19 2 1
github.com/logrusorgru/svin/aurora/value.go:72.39,77.3 4 1
github.com/logrusorgru/svin/aurora/value.go:80.39,81.40 1 1
github.com/logrusorgru/svin/aurora/value.go:81.40,83.4 1 1
github.com/logrusorgru/svin/aurora/value.go:87.31,89.3 1 1
github.com/logrusorgru/svin/aurora/value.go:90.34,93.3 2 1
github.com/logrusorgru/svin/aurora/value.go:94.26,96.3 1 1
github.com/logrusorgru/svin/aurora/value.go:96.3,98.3 1 1
github.com/logrusorgru/svin/aurora/value.go:99.12,101.38 2 1
github.com/logrusorgru/svin/aurora/value.go:101.38,105.4 3 1
github.com/logrusorgru/svin/aurora/wrap.go:33.35,34.32 1 1
github.com/logrusorgru/svin/aurora/wrap.go:38.2,38.31 1 1
github.com/logrusorgru/svin/aurora/wrap.go:34.32,37.3 2 1
github.com/logrusorgru/svin/aurora/wrap.go:42.33,43.32 1 1
github.com/logrusorgru/svin/aurora/wrap.go:47.2,47.29 1 1
github.com/logrusorgru/svin/aurora/wrap.go:43.32,46.3 2 1
github.com/logrusorgru/svin/aurora/wrap.go:51.35,52.32 1 1
github.com/logrusorgru/svin/aurora/wrap.go:56.2,56.31 1 1
github.com/logrusorgru/svin/aurora/wrap.go:52.32,55.3 2 1
github.com/logrusorgru/svin/aurora/wrap.go:60.35,61.32 1 1
github.com/logrusorgru/svin/aurora/wrap.go:65.2,65.31 1 1
github.com/logrusorgru/svin/aurora/wrap.go:61.32,64.3 2 1
github.com/logrusorgru/svin/aurora/wrap.go:69.34,70.32 1 1
github.com/logrusorgru/svin/aurora/wrap.go:74.2,74.30 1 1
github.com/logrusorgru/svin/aurora/wrap.go:70.32,73.3 2 1
github.com/logrusorgru/svin/aurora/wrap.go:78.37,79.32 1 1
github.com/logrusorgru/svin/aurora/wrap.go:83.2,83.33 1 1
github.com/logrusorgru/svin/aurora/wrap.go:79.32,82.3 2 1
github.com/logrusorgru/svin/aurora/wrap.go:87.34,88.32 1 1
github.com/logrusorgru/svin/aurora/wrap.go:92.2,92.30 1 1
github.com/logrusorgru/svin/aurora/wrap.go:88.32,91.3 2 1
github.com/logrusorgru/svin/aurora/wrap.go:96.34,97.32 1 1
github.com/logrusorgru/svin/aurora/wrap.go:101.2,101.30 1 1
github.com/logrusorgru/svin/aurora/wrap.go:97.32,100.3 2 1
github.com/logrusorgru/svin/aurora/wrap.go:109.37,110.32 1 1
github.com/logrusorgru/svin/aurora/wrap.go:114.2,114.31 1 1
github.com/logrusorgru/svin/aurora/wrap.go:110.32,113.3 2 1
github.com/logrusorgru/svin/aurora/wrap.go:118.35,119.32 1 1
github.com/logrusorgru/svin/aurora/wrap.go:123.2,123.29 1 1
github.com/logrusorgru/svin/aurora/wrap.go:119.32,122.3 2 1
github.com/logrusorgru/svin/aurora/wrap.go:127.37,128.32 1 1
github.com/logrusorgru/svin/aurora/wrap.go:132.2,132.31 1 1
github.com/logrusorgru/svin/aurora/wrap.go:128.32,131.3 2 1
github.com/logrusorgru/svin/aurora/wrap.go:136.37,137.32 1 1
github.com/logrusorgru/svin/aurora/wrap.go:141.2,141.31 1 1
github.com/logrusorgru/svin/aurora/wrap.go:137.32,140.3 2 1
github.com/logrusorgru/svin/aurora/wrap.go:145.36,146.32 1 1
github.com/logrusorgru/svin/aurora/wrap.go:150.2,150.30 1 1
github.com/logrusorgru/svin/aurora/wrap.go:146.32,149.3 2 1
github.com/logrusorgru/svin/aurora/wrap.go:154.39,155.32 1 1
github.com/logrusorgru/svin/aurora/wrap.go:159.2,159.33 1 1
github.com/logrusorgru/svin/aurora/wrap.go:155.32,158.3 2 1
github.com/logrusorgru/svin/aurora/wrap.go:163.36,164.32 1 1
github.com/logrusorgru/svin/aurora/wrap.go:168.2,168.30 1 1
github.com/logrusorgru/svin/aurora/wrap.go:164.32,167.3 2 1
github.com/logrusorgru/svin/aurora/wrap.go:172.36,173.32 1 1
github.com/logrusorgru/svin/aurora/wrap.go:177.2,177.30 1 1
github.com/logrusorgru/svin/aurora/wrap.go:173.32,176.3 2 1
github.com/logrusorgru/svin/aurora/wrap.go:181.34,182.32 1 1
github.com/logrusorgru/svin/aurora/wrap.go:186.2,186.30 1 1
github.com/logrusorgru/svin/aurora/wrap.go:182.32,185.3 2 1
github.com/logrusorgru/svin/aurora/wrap.go:190.37,191.32 1 1
github.com/logrusorgru/svin/aurora/wrap.go:195.2,195.33 1 1
github.com/logrusorgru/svin/aurora/wrap.go:191.32,194.3 2 1
github.com/logrusorgru/svin/aurora/aurora.go:60.42,61.18 1 1
github.com/logrusorgru/svin/aurora/aurora.go:64.2,64.22 1 1
github.com/logrusorgru/svin/aurora/aurora.go:61.18,63.3 1 1
github.com/logrusorgru/svin/aurora/aurora.go:71.53,71.81 1 1
github.com/logrusorgru/svin/aurora/aurora.go:72.53,72.81 1 1
github.com/logrusorgru/svin/aurora/aurora.go:73.53,73.81 1 1
github.com/logrusorgru/svin/aurora/aurora.go:74.53,74.81 1 1
github.com/logrusorgru/svin/aurora/aurora.go:75.53,75.81 1 1
github.com/logrusorgru/svin/aurora/aurora.go:76.53,76.81 1 1
github.com/logrusorgru/svin/aurora/aurora.go:77.53,77.81 1 1
github.com/logrusorgru/svin/aurora/aurora.go:78.53,78.81 1 1
github.com/logrusorgru/svin/aurora/aurora.go:79.53,79.81 1 1
github.com/logrusorgru/svin/aurora/aurora.go:80.53,80.81 1 1
github.com/logrusorgru/svin/aurora/aurora.go:81.53,81.81 1 1
github.com/logrusorgru/svin/aurora/aurora.go:82.53,82.81 1 1
github.com/logrusorgru/svin/aurora/aurora.go:83.53,83.81 1 1
github.com/logrusorgru/svin/aurora/aurora.go:84.53,84.81 1 1
github.com/logrusorgru/svin/aurora/aurora.go:85.53,85.81 1 1
github.com/logrusorgru/svin/aurora/aurora.go:86.53,86.81 1 1
github.com/logrusorgru/svin/aurora/aurora.go:87.53,87.81 1 1
github.com/logrusorgru/svin/aurora/aurora.go:88.53,88.81 1 1
github.com/logrusorgru/svin/aurora/aurora.go:90.76,91.36 1 1
github.com/logrusorgru/svin/aurora/aurora.go:94.2,94.49 1 1
github.com/logrusorgru/svin/aurora/aurora.go:91.36,93.3 1 1
github.com/logrusorgru/svin/aurora/aurora.go:101.48,101.69 1 1
github.com/logrusorgru/svin/aurora/aurora.go:102.48,102.67 1 1
github.com/logrusorgru/svin/aurora/aurora.go:103.48,103.69 1 1
github.com/logrusorgru/svin/aurora/aurora.go:104.48,104.69 1 1
github.com/logrusorgru/svin/aurora/aurora.go:105.48,105.68 1 1
github.com/logrusorgru/svin/aurora/aurora.go:106.48,106.71 1 1
github.com/logrusorgru/svin/aurora/aurora.go:107.48,107.68 1 1
github.com/logrusorgru/svin/aurora/aurora.go:108.48,108.68 1 1
github.com/logrusorgru/svin/aurora/aurora.go:109.48,109.71 1 1
github.com/logrusorgru/svin/aurora/aurora.go:110.48,110.69 1 1
github.com/logrusorgru/svin/aurora/aurora.go:111.48,111.71 1 1
github.com/logrusorgru/svin/aurora/aurora.go:112.48,112.71 1 1
github.com/logrusorgru/svin/aurora/aurora.go:113.48,113.70 1 1
github.com/logrusorgru/svin/aurora/aurora.go:114.48,114.73 1 1
github.com/logrusorgru/svin/aurora/aurora.go:115.48,115.70 1 1
github.com/logrusorgru/svin/aurora/aurora.go:116.48,116.70 1 1
github.com/logrusorgru/svin/aurora/aurora.go:117.48,117.68 1 1
github.com/logrusorgru/svin/aurora/aurora.go:118.48,118.71 1 1
github.com/logrusorgru/svin/aurora/aurora.go:120.71,122.2 1 1
github.com/logrusorgru/svin/aurora/color.go:67.31,69.2 1 1
github.com/logrusorgru/svin/aurora/color.go:79.29,80.27 1 1
github.com/logrusorgru/svin/aurora/color.go:106.2,106.11 1 1
github.com/logrusorgru/svin/aurora/color.go:80.27,83.20 3 1
github.com/logrusorgru/svin/aurora/color.go:86.3,86.23 1 1
github.com/logrusorgru/svin/aurora/color.go:92.3,92.20 1 1
github.com/logrusorgru/svin/aurora/color.go:98.3,98.20 1 1
github.com/logrusorgru/svin/aurora/color.go:104.3,104.20 1 1
github.com/logrusorgru/svin/aurora/color.go:83.20,85.4 1 1
github.com/logrusorgru/svin/aurora/color.go:86.23,87.19 1 1
github.com/logrusorgru/svin/aurora/color.go:90.4,90.24 1 1
github.com/logrusorgru/svin/aurora/color.go:87.19,89.5 1 1
github.com/logrusorgru/svin/aurora/color.go:92.20,93.19 1 1
github.com/logrusorgru/svin/aurora/color.go:96.4,96.49 1 1
github.com/logrusorgru/svin/aurora/color.go:93.19,95.5 1 1
github.com/logrusorgru/svin/aurora/color.go:98.20,99.19 1 1
github.com/logrusorgru/svin/aurora/color.go:102.4,102.50 1 1
github.com/logrusorgru/svin/aurora/color.go:99.19,101.5 1 1
github.com/logrusorgru/svin/aurora/pool.go:38.25,39.35 1 1
github.com/logrusorgru/svin/aurora/pool.go:42.2,42.35 1 1
github.com/logrusorgru/svin/aurora/pool.go:39.35,41.3 1 1
github.com/logrusorgru/svin/aurora/pool.go:45.26,47.2 1 1
github.com/logrusorgru/svin/aurora/sprintf.go:43.62,44.29 1 1
github.com/logrusorgru/svin/aurora/sprintf.go:59.2,59.49 1 1
github.com/logrusorgru/svin/aurora/sprintf.go:45.2,46.34 1 1
github.com/logrusorgru/svin/aurora/sprintf.go:47.2,48.26 1 1
github.com/logrusorgru/svin/aurora/sprintf.go:56.3,56.43 1 1
github.com/logrusorgru/svin/aurora/sprintf.go:48.26,49.32 1 1
github.com/logrusorgru/svin/aurora/sprintf.go:54.4,54.35 1 1
github.com/logrusorgru/svin/aurora/sprintf.go:49.32,52.13 3 1
