mode: set
github.com/logrusorgru/aurora/sprintf.go:43.62,44.29 1 1
github.com/logrusorgru/aurora/sprintf.go:58.2,58.49 1 1
github.com/logrusorgru/aurora/sprintf.go:45.2,46.34 1 1
github.com/logrusorgru/aurora/sprintf.go:47.2,48.26 1 1
github.com/logrusorgru/aurora/sprintf.go:55.3,55.43 1 1
github.com/logrusorgru/aurora/sprintf.go:48.26,49.32 1 1
github.com/logrusorgru/aurora/sprintf.go:53.4,53.37 1 1
github.com/logrusorgru/aurora/sprintf.go:49.32,51.13 2 1
github.com/logrusorgru/aurora/value.go:78.42,78.72 1 1
github.com/logrusorgru/aurora/value.go:79.42,79.54 1 1
github.com/logrusorgru/aurora/value.go:80.42,80.54 1 1
github.com/logrusorgru/aurora/value.go:81.42,81.60 1 1
github.com/logrusorgru/aurora/value.go:82.42,82.54 1 1
github.com/logrusorgru/aurora/value.go:83.42,83.54 1 1
github.com/logrusorgru/aurora/value.go:85.39,85.51 1 1
github.com/logrusorgru/aurora/value.go:86.39,86.51 1 1
github.com/logrusorgru/aurora/value.go:87.39,87.51 1 1
github.com/logrusorgru/aurora/value.go:88.39,88.51 1 1
github.com/logrusorgru/aurora/value.go:89.39,89.51 1 1
github.com/logrusorgru/aurora/value.go:90.39,90.51 1 1
github.com/logrusorgru/aurora/value.go:91.39,91.51 1 1
github.com/logrusorgru/aurora/value.go:92.39,92.51 1 1
github.com/logrusorgru/aurora/value.go:93.39,93.51 1 1
github.com/logrusorgru/aurora/value.go:94.39,94.51 1 1
github.com/logrusorgru/aurora/value.go:95.39,95.51 1 1
github.com/logrusorgru/aurora/value.go:96.39,96.51 1 1
github.com/logrusorgru/aurora/value.go:97.39,97.51 1 1
github.com/logrusorgru/aurora/value.go:98.39,98.51 1 1
github.com/logrusorgru/aurora/value.go:99.39,99.51 1 1
github.com/logrusorgru/aurora/value.go:100.39,100.51 1 1
github.com/logrusorgru/aurora/value.go:101.39,101.51 1 1
github.com/logrusorgru/aurora/value.go:102.39,102.51 1 1
github.com/logrusorgru/aurora/value.go:104.52,108.39 4 1
github.com/logrusorgru/aurora/value.go:113.2,115.31 3 1
github.com/logrusorgru/aurora/value.go:118.2,118.34 1 1
github.com/logrusorgru/aurora/value.go:122.2,122.26 1 1
github.com/logrusorgru/aurora/value.go:127.2,128.19 2 1
github.com/logrusorgru/aurora/value.go:108.39,109.40 1 1
github.com/logrusorgru/aurora/value.go:109.40,111.4 1 1
github.com/logrusorgru/aurora/value.go:115.31,117.3 1 1
github.com/logrusorgru/aurora/value.go:118.34,121.3 2 1
github.com/logrusorgru/aurora/value.go:122.26,124.3 1 1
github.com/logrusorgru/aurora/value.go:124.3,126.3 1 1
github.com/logrusorgru/aurora/value.go:139.32,140.39 1 1
github.com/logrusorgru/aurora/value.go:147.2,147.28 1 1
github.com/logrusorgru/aurora/value.go:140.39,141.48 1 1
github.com/logrusorgru/aurora/value.go:145.3,145.65 1 1
github.com/logrusorgru/aurora/value.go:141.48,144.4 1 1
github.com/logrusorgru/aurora/value.go:150.30,150.48 1 1
github.com/logrusorgru/aurora/value.go:152.31,155.2 2 1
github.com/logrusorgru/aurora/value.go:157.29,157.51 1 1
github.com/logrusorgru/aurora/value.go:158.39,161.2 2 1
github.com/logrusorgru/aurora/value.go:163.36,163.54 1 1
github.com/logrusorgru/aurora/value.go:165.47,171.39 3 1
github.com/logrusorgru/aurora/value.go:177.2,179.39 3 1
github.com/logrusorgru/aurora/value.go:184.2,186.31 3 1
github.com/logrusorgru/aurora/value.go:189.2,189.34 1 1
github.com/logrusorgru/aurora/value.go:193.2,193.26 1 1
github.com/logrusorgru/aurora/value.go:198.2,198.12 1 1
github.com/logrusorgru/aurora/value.go:206.2,207.19 2 1
github.com/logrusorgru/aurora/value.go:171.39,176.3 4 1
github.com/logrusorgru/aurora/value.go:179.39,180.40 1 1
github.com/logrusorgru/aurora/value.go:180.40,182.4 1 1
github.com/logrusorgru/aurora/value.go:186.31,188.3 1 1
github.com/logrusorgru/aurora/value.go:189.34,192.3 2 1
github.com/logrusorgru/aurora/value.go:193.26,195.3 1 1
github.com/logrusorgru/aurora/value.go:195.3,197.3 1 1
github.com/logrusorgru/aurora/value.go:198.12,200.48 2 1
github.com/logrusorgru/aurora/value.go:200.48,204.4 3 1
github.com/logrusorgru/aurora/value.go:210.30,213.2 2 1
github.com/logrusorgru/aurora/value.go:215.28,218.2 2 1
github.com/logrusorgru/aurora/value.go:220.30,223.2 2 1
github.com/logrusorgru/aurora/value.go:225.30,228.2 2 1
github.com/logrusorgru/aurora/value.go:230.29,233.2 2 1
github.com/logrusorgru/aurora/value.go:235.32,238.2 2 1
github.com/logrusorgru/aurora/value.go:240.29,243.2 2 1
github.com/logrusorgru/aurora/value.go:245.29,248.2 2 1
github.com/logrusorgru/aurora/value.go:250.32,253.2 2 1
github.com/logrusorgru/aurora/value.go:255.30,258.2 2 1
github.com/logrusorgru/aurora/value.go:260.32,263.2 2 1
github.com/logrusorgru/aurora/value.go:265.32,268.2 2 1
github.com/logrusorgru/aurora/value.go:270.31,273.2 2 1
github.com/logrusorgru/aurora/value.go:275.34,278.2 2 1
github.com/logrusorgru/aurora/value.go:280.31,283.2 2 1
github.com/logrusorgru/aurora/value.go:285.31,288.2 2 1
github.com/logrusorgru/aurora/value.go:290.29,293.2 2 1
github.com/logrusorgru/aurora/value.go:295.32,298.2 2 1
github.com/logrusorgru/aurora/wrap.go:41.51,42.32 1 1
github.com/logrusorgru/aurora/wrap.go:46.2,46.29 1 1
github.com/logrusorgru/aurora/wrap.go:42.32,45.3 2 1
github.com/logrusorgru/aurora/wrap.go:54.35,55.32 1 1
github.com/logrusorgru/aurora/wrap.go:59.2,59.31 1 1
github.com/logrusorgru/aurora/wrap.go:55.32,58.3 2 1
github.com/logrusorgru/aurora/wrap.go:63.33,64.32 1 1
github.com/logrusorgru/aurora/wrap.go:68.2,68.29 1 1
github.com/logrusorgru/aurora/wrap.go:64.32,67.3 2 1
github.com/logrusorgru/aurora/wrap.go:72.35,73.32 1 1
github.com/logrusorgru/aurora/wrap.go:77.2,77.31 1 1
github.com/logrusorgru/aurora/wrap.go:73.32,76.3 2 1
github.com/logrusorgru/aurora/wrap.go:81.35,82.32 1 1
github.com/logrusorgru/aurora/wrap.go:86.2,86.31 1 1
github.com/logrusorgru/aurora/wrap.go:82.32,85.3 2 1
github.com/logrusorgru/aurora/wrap.go:90.34,91.32 1 1
github.com/logrusorgru/aurora/wrap.go:95.2,95.30 1 1
github.com/logrusorgru/aurora/wrap.go:91.32,94.3 2 1
github.com/logrusorgru/aurora/wrap.go:99.37,100.32 1 1
github.com/logrusorgru/aurora/wrap.go:104.2,104.33 1 1
github.com/logrusorgru/aurora/wrap.go:100.32,103.3 2 1
github.com/logrusorgru/aurora/wrap.go:108.34,109.32 1 1
github.com/logrusorgru/aurora/wrap.go:113.2,113.30 1 1
github.com/logrusorgru/aurora/wrap.go:109.32,112.3 2 1
github.com/logrusorgru/aurora/wrap.go:117.34,118.32 1 1
github.com/logrusorgru/aurora/wrap.go:122.2,122.30 1 1
github.com/logrusorgru/aurora/wrap.go:118.32,121.3 2 1
github.com/logrusorgru/aurora/wrap.go:130.37,131.32 1 1
github.com/logrusorgru/aurora/wrap.go:135.2,135.31 1 1
github.com/logrusorgru/aurora/wrap.go:131.32,134.3 2 1
github.com/logrusorgru/aurora/wrap.go:139.35,140.32 1 1
github.com/logrusorgru/aurora/wrap.go:144.2,144.29 1 1
github.com/logrusorgru/aurora/wrap.go:140.32,143.3 2 1
github.com/logrusorgru/aurora/wrap.go:148.37,149.32 1 1
github.com/logrusorgru/aurora/wrap.go:153.2,153.31 1 1
github.com/logrusorgru/aurora/wrap.go:149.32,152.3 2 1
github.com/logrusorgru/aurora/wrap.go:157.37,158.32 1 1
github.com/logrusorgru/aurora/wrap.go:162.2,162.31 1 1
github.com/logrusorgru/aurora/wrap.go:158.32,161.3 2 1
github.com/logrusorgru/aurora/wrap.go:166.36,167.32 1 1
github.com/logrusorgru/aurora/wrap.go:171.2,171.30 1 1
github.com/logrusorgru/aurora/wrap.go:167.32,170.3 2 1
github.com/logrusorgru/aurora/wrap.go:175.39,176.32 1 1
github.com/logrusorgru/aurora/wrap.go:180.2,180.33 1 1
github.com/logrusorgru/aurora/wrap.go:176.32,179.3 2 1
github.com/logrusorgru/aurora/wrap.go:184.36,185.32 1 1
github.com/logrusorgru/aurora/wrap.go:189.2,189.30 1 1
github.com/logrusorgru/aurora/wrap.go:185.32,188.3 2 1
github.com/logrusorgru/aurora/wrap.go:193.36,194.32 1 1
github.com/logrusorgru/aurora/wrap.go:198.2,198.30 1 1
github.com/logrusorgru/aurora/wrap.go:194.32,197.3 2 1
github.com/logrusorgru/aurora/wrap.go:202.34,203.32 1 1
github.com/logrusorgru/aurora/wrap.go:207.2,207.30 1 1
github.com/logrusorgru/aurora/wrap.go:203.32,206.3 2 1
github.com/logrusorgru/aurora/wrap.go:211.37,212.32 1 1
github.com/logrusorgru/aurora/wrap.go:216.2,216.33 1 1
github.com/logrusorgru/aurora/wrap.go:212.32,215.3 2 1
github.com/logrusorgru/aurora/aurora.go:61.42,62.18 1 1
github.com/logrusorgru/aurora/aurora.go:65.2,65.22 1 1
github.com/logrusorgru/aurora/aurora.go:62.18,64.3 1 1
github.com/logrusorgru/aurora/aurora.go:72.53,72.79 1 1
github.com/logrusorgru/aurora/aurora.go:73.53,73.79 1 1
github.com/logrusorgru/aurora/aurora.go:74.53,74.79 1 1
github.com/logrusorgru/aurora/aurora.go:75.53,75.79 1 1
github.com/logrusorgru/aurora/aurora.go:76.53,76.79 1 1
github.com/logrusorgru/aurora/aurora.go:77.53,77.79 1 1
github.com/logrusorgru/aurora/aurora.go:78.53,78.79 1 1
github.com/logrusorgru/aurora/aurora.go:79.53,79.79 1 1
github.com/logrusorgru/aurora/aurora.go:80.53,80.79 1 1
github.com/logrusorgru/aurora/aurora.go:81.53,81.79 1 1
github.com/logrusorgru/aurora/aurora.go:82.53,82.79 1 1
github.com/logrusorgru/aurora/aurora.go:83.53,83.79 1 1
github.com/logrusorgru/aurora/aurora.go:84.53,84.79 1 1
github.com/logrusorgru/aurora/aurora.go:85.53,85.79 1 1
github.com/logrusorgru/aurora/aurora.go:86.53,86.79 1 1
github.com/logrusorgru/aurora/aurora.go:87.53,87.79 1 1
github.com/logrusorgru/aurora/aurora.go:88.53,88.79 1 1
github.com/logrusorgru/aurora/aurora.go:89.53,89.79 1 1
github.com/logrusorgru/aurora/aurora.go:91.65,93.2 1 1
github.com/logrusorgru/aurora/aurora.go:95.76,96.36 1 1
github.com/logrusorgru/aurora/aurora.go:99.2,99.49 1 1
github.com/logrusorgru/aurora/aurora.go:96.36,98.3 1 1
github.com/logrusorgru/aurora/aurora.go:106.48,106.69 1 1
github.com/logrusorgru/aurora/aurora.go:107.48,107.67 1 1
github.com/logrusorgru/aurora/aurora.go:108.48,108.69 1 1
github.com/logrusorgru/aurora/aurora.go:109.48,109.69 1 1
github.com/logrusorgru/aurora/aurora.go:110.48,110.68 1 1
github.com/logrusorgru/aurora/aurora.go:111.48,111.71 1 1
github.com/logrusorgru/aurora/aurora.go:112.48,112.68 1 1
github.com/logrusorgru/aurora/aurora.go:113.48,113.68 1 1
github.com/logrusorgru/aurora/aurora.go:114.48,114.71 1 1
github.com/logrusorgru/aurora/aurora.go:115.48,115.69 1 1
github.com/logrusorgru/aurora/aurora.go:116.48,116.71 1 1
github.com/logrusorgru/aurora/aurora.go:117.48,117.71 1 1
github.com/logrusorgru/aurora/aurora.go:118.48,118.70 1 1
github.com/logrusorgru/aurora/aurora.go:119.48,119.73 1 1
github.com/logrusorgru/aurora/aurora.go:120.48,120.70 1 1
github.com/logrusorgru/aurora/aurora.go:121.48,121.70 1 1
github.com/logrusorgru/aurora/aurora.go:122.48,122.68 1 1
github.com/logrusorgru/aurora/aurora.go:123.48,123.71 1 1
github.com/logrusorgru/aurora/aurora.go:125.60,127.2 1 1
github.com/logrusorgru/aurora/aurora.go:129.71,131.2 1 1
github.com/logrusorgru/aurora/color.go:70.31,72.2 1 1
github.com/logrusorgru/aurora/color.go:82.29,83.27 1 1
github.com/logrusorgru/aurora/color.go:109.2,109.11 1 1
github.com/logrusorgru/aurora/color.go:83.27,86.20 3 1
github.com/logrusorgru/aurora/color.go:89.3,89.23 1 1
github.com/logrusorgru/aurora/color.go:95.3,95.20 1 1
github.com/logrusorgru/aurora/color.go:101.3,101.20 1 1
github.com/logrusorgru/aurora/color.go:107.3,107.20 1 1
github.com/logrusorgru/aurora/color.go:86.20,88.4 1 1
github.com/logrusorgru/aurora/color.go:89.23,90.19 1 1
github.com/logrusorgru/aurora/color.go:93.4,93.24 1 1
github.com/logrusorgru/aurora/color.go:90.19,92.5 1 1
github.com/logrusorgru/aurora/color.go:95.20,96.19 1 1
github.com/logrusorgru/aurora/color.go:99.4,99.49 1 1
github.com/logrusorgru/aurora/color.go:96.19,98.5 1 1
github.com/logrusorgru/aurora/color.go:101.20,102.19 1 1
github.com/logrusorgru/aurora/color.go:105.4,105.50 1 1
github.com/logrusorgru/aurora/color.go:102.19,104.5 1 1
github.com/logrusorgru/aurora/pool.go:38.25,39.35 1 1
github.com/logrusorgru/aurora/pool.go:42.2,42.35 1 1
github.com/logrusorgru/aurora/pool.go:39.35,41.3 1 1
github.com/logrusorgru/aurora/pool.go:45.26,47.2 1 1
